2023-04-12 17:56:03.353  INFO 35164 --- [restartedMain] c.d.S.SpringSocialNetworkApplication     : Starting SpringSocialNetworkApplication using Java 19.0.1 on DESKTOP-0KRONNT with PID 35164 (C:\Users\Alma\Desktop\Develhope\Java\SpringSocialNetwork\target\classes started by Alma in C:\Users\Alma\Desktop\Develhope\Java\SpringSocialNetwork)
2023-04-12 17:56:03.354  INFO 35164 --- [restartedMain] c.d.S.SpringSocialNetworkApplication     : No active profile set, falling back to 1 default profile: "default"
2023-04-12 17:56:03.401  INFO 35164 --- [restartedMain] .e.DevToolsPropertyDefaultsPostProcessor : Devtools property defaults active! Set 'spring.devtools.add-properties' to 'false' to disable
2023-04-12 17:56:03.401  INFO 35164 --- [restartedMain] .e.DevToolsPropertyDefaultsPostProcessor : For additional web related logging consider setting the 'logging.level.web' property to 'DEBUG'
2023-04-12 17:56:04.084  INFO 35164 --- [restartedMain] .s.d.r.c.RepositoryConfigurationDelegate : Bootstrapping Spring Data JPA repositories in DEFAULT mode.
2023-04-12 17:56:04.141  INFO 35164 --- [restartedMain] .s.d.r.c.RepositoryConfigurationDelegate : Finished Spring Data repository scanning in 49 ms. Found 4 JPA repository interfaces.
2023-04-12 17:56:04.702  INFO 35164 --- [restartedMain] o.s.b.w.embedded.tomcat.TomcatWebServer  : Tomcat initialized with port(s): 8080 (http)
2023-04-12 17:56:04.713  INFO 35164 --- [restartedMain] o.apache.catalina.core.StandardService   : Starting service [Tomcat]
2023-04-12 17:56:04.714  INFO 35164 --- [restartedMain] org.apache.catalina.core.StandardEngine  : Starting Servlet engine: [Apache Tomcat/9.0.71]
2023-04-12 17:56:04.792  INFO 35164 --- [restartedMain] o.a.c.c.C.[Tomcat].[localhost].[/]       : Initializing Spring embedded WebApplicationContext
2023-04-12 17:56:04.793  INFO 35164 --- [restartedMain] w.s.c.ServletWebServerApplicationContext : Root WebApplicationContext: initialization completed in 1391 ms
2023-04-12 17:56:04.976  INFO 35164 --- [restartedMain] o.hibernate.jpa.internal.util.LogHelper  : HHH000204: Processing PersistenceUnitInfo [name: default]
2023-04-12 17:56:05.026  INFO 35164 --- [restartedMain] org.hibernate.Version                    : HHH000412: Hibernate ORM core version 5.6.15.Final
2023-04-12 17:56:05.165  INFO 35164 --- [restartedMain] o.hibernate.annotations.common.Version   : HCANN000001: Hibernate Commons Annotations {5.1.2.Final}
2023-04-12 17:56:05.253  INFO 35164 --- [restartedMain] com.zaxxer.hikari.HikariDataSource       : HikariPool-1 - Starting...
2023-04-12 17:56:05.539  INFO 35164 --- [restartedMain] com.zaxxer.hikari.HikariDataSource       : HikariPool-1 - Start completed.
2023-04-12 17:56:05.564  INFO 35164 --- [restartedMain] org.hibernate.dialect.Dialect            : HHH000400: Using dialect: org.hibernate.dialect.MySQL8Dialect
2023-04-12 17:56:06.561  INFO 35164 --- [restartedMain] o.h.e.t.j.p.i.JtaPlatformInitiator       : HHH000490: Using JtaPlatform implementation: [org.hibernate.engine.transaction.jta.platform.internal.NoJtaPlatform]
2023-04-12 17:56:06.569  INFO 35164 --- [restartedMain] j.LocalContainerEntityManagerFactoryBean : Initialized JPA EntityManagerFactory for persistence unit 'default'
2023-04-12 17:56:07.138  WARN 35164 --- [restartedMain] JpaBaseConfiguration$JpaWebConfiguration : spring.jpa.open-in-view is enabled by default. Therefore, database queries may be performed during view rendering. Explicitly configure spring.jpa.open-in-view to disable this warning
2023-04-12 17:56:07.332  INFO 35164 --- [restartedMain] o.s.b.d.a.OptionalLiveReloadServer       : LiveReload server is running on port 35729
2023-04-12 17:56:07.487  INFO 35164 --- [restartedMain] o.s.b.w.embedded.tomcat.TomcatWebServer  : Tomcat started on port(s): 8080 (http) with context path ''
2023-04-12 17:56:07.718  INFO 35164 --- [restartedMain] c.d.S.SpringSocialNetworkApplication     : Started SpringSocialNetworkApplication in 4.695 seconds (JVM running for 5.075)
2023-04-12 17:56:58.127  INFO 35164 --- [http-nio-8080-exec-1] o.a.c.c.C.[Tomcat].[localhost].[/]       : Initializing Spring DispatcherServlet 'dispatcherServlet'
2023-04-12 17:56:58.128  INFO 35164 --- [http-nio-8080-exec-1] o.s.web.servlet.DispatcherServlet        : Initializing Servlet 'dispatcherServlet'
2023-04-12 17:56:58.129  INFO 35164 --- [http-nio-8080-exec-1] o.s.web.servlet.DispatcherServlet        : Completed initialization in 0 ms
2023-04-12 17:57:12.453  INFO 35164 --- [http-nio-8080-exec-9] c.d.S.controllers.ReactionController     : Happy reaction added!
2023-04-12 17:57:12.454  INFO 35164 --- [http-nio-8080-exec-9] c.d.S.services.ReactionService           : Adding Reaction
2023-04-12 17:57:12.456  INFO 35164 --- [http-nio-8080-exec-9] c.d.S.services.ReactionService           : User with username almaCN want to add a reaction
2023-04-12 17:57:12.461  INFO 35164 --- [http-nio-8080-exec-9] c.d.S.services.ReactionService           : To the post with id 3
2023-04-12 17:57:12.462  WARN 35164 --- [http-nio-8080-exec-9] c.d.S.services.ReactionService           : User with username: 'almaCN' not found
2023-04-12 17:57:12.462  WARN 35164 --- [http-nio-8080-exec-9] c.d.S.controllers.ReactionController     : User with username: 'almaCN' not found
2023-04-12 17:57:14.123  INFO 35164 --- [http-nio-8080-exec-10] c.d.S.controllers.ReactionController     : Loving reaction added!
2023-04-12 17:57:14.124  INFO 35164 --- [http-nio-8080-exec-10] c.d.S.services.ReactionService           : Adding Reaction
2023-04-12 17:57:14.128  INFO 35164 --- [http-nio-8080-exec-10] c.d.S.services.ReactionService           : User with username gaiaazanchi want to add a reaction
2023-04-12 17:57:14.133  INFO 35164 --- [http-nio-8080-exec-10] c.d.S.services.ReactionService           : To the post with id 4
2023-04-12 17:57:14.143  INFO 35164 --- [http-nio-8080-exec-10] c.d.S.services.ReactionService           : User gaiaazanchi added an LOVING reaction to the post with id 4
2023-04-12 17:57:39.672  INFO 35164 --- [http-nio-8080-exec-5] c.d.S.controllers.ReactionController     : Happy reaction added!
2023-04-12 17:57:39.672  INFO 35164 --- [http-nio-8080-exec-5] c.d.S.services.ReactionService           : Adding Reaction
2023-04-12 17:57:39.675  INFO 35164 --- [http-nio-8080-exec-5] c.d.S.services.ReactionService           : User with username almaCN want to add a reaction
2023-04-12 17:57:39.678  INFO 35164 --- [http-nio-8080-exec-5] c.d.S.services.ReactionService           : To the post with id 3
2023-04-12 17:57:39.680  INFO 35164 --- [http-nio-8080-exec-5] c.d.S.services.ReactionService           : User almaCN added an HAPPY reaction to the post with id 3
2023-04-12 17:57:45.356  INFO 35164 --- [SpringApplicationShutdownHook] j.LocalContainerEntityManagerFactoryBean : Closing JPA EntityManagerFactory for persistence unit 'default'
2023-04-12 17:57:45.359  INFO 35164 --- [SpringApplicationShutdownHook] com.zaxxer.hikari.HikariDataSource       : HikariPool-1 - Shutdown initiated...
2023-04-12 17:57:45.364  INFO 35164 --- [SpringApplicationShutdownHook] com.zaxxer.hikari.HikariDataSource       : HikariPool-1 - Shutdown completed.
