2023-04-12 15:59:01.264  INFO 40872 --- [restartedMain] c.d.S.SpringSocialNetworkApplication     : Starting SpringSocialNetworkApplication using Java 19.0.1 on DESKTOP-0KRONNT with PID 40872 (C:\Users\Alma\Desktop\Develhope\Java\SpringSocialNetwork\target\classes started by Alma in C:\Users\Alma\Desktop\Develhope\Java\SpringSocialNetwork)
2023-04-12 15:59:01.265  INFO 40872 --- [restartedMain] c.d.S.SpringSocialNetworkApplication     : No active profile set, falling back to 1 default profile: "default"
2023-04-12 15:59:01.322  INFO 40872 --- [restartedMain] .e.DevToolsPropertyDefaultsPostProcessor : Devtools property defaults active! Set 'spring.devtools.add-properties' to 'false' to disable
2023-04-12 15:59:01.322  INFO 40872 --- [restartedMain] .e.DevToolsPropertyDefaultsPostProcessor : For additional web related logging consider setting the 'logging.level.web' property to 'DEBUG'
2023-04-12 15:59:02.141  INFO 40872 --- [restartedMain] .s.d.r.c.RepositoryConfigurationDelegate : Bootstrapping Spring Data JPA repositories in DEFAULT mode.
2023-04-12 15:59:02.205  INFO 40872 --- [restartedMain] .s.d.r.c.RepositoryConfigurationDelegate : Finished Spring Data repository scanning in 55 ms. Found 4 JPA repository interfaces.
2023-04-12 15:59:02.914  INFO 40872 --- [restartedMain] o.s.b.w.embedded.tomcat.TomcatWebServer  : Tomcat initialized with port(s): 8080 (http)
2023-04-12 15:59:02.926  INFO 40872 --- [restartedMain] o.apache.catalina.core.StandardService   : Starting service [Tomcat]
2023-04-12 15:59:02.927  INFO 40872 --- [restartedMain] org.apache.catalina.core.StandardEngine  : Starting Servlet engine: [Apache Tomcat/9.0.71]
2023-04-12 15:59:03.027  INFO 40872 --- [restartedMain] o.a.c.c.C.[Tomcat].[localhost].[/]       : Initializing Spring embedded WebApplicationContext
2023-04-12 15:59:03.027  INFO 40872 --- [restartedMain] w.s.c.ServletWebServerApplicationContext : Root WebApplicationContext: initialization completed in 1704 ms
2023-04-12 15:59:03.239  INFO 40872 --- [restartedMain] o.hibernate.jpa.internal.util.LogHelper  : HHH000204: Processing PersistenceUnitInfo [name: default]
2023-04-12 15:59:03.292  INFO 40872 --- [restartedMain] org.hibernate.Version                    : HHH000412: Hibernate ORM core version 5.6.15.Final
2023-04-12 15:59:03.451  INFO 40872 --- [restartedMain] o.hibernate.annotations.common.Version   : HCANN000001: Hibernate Commons Annotations {5.1.2.Final}
2023-04-12 15:59:03.550  INFO 40872 --- [restartedMain] com.zaxxer.hikari.HikariDataSource       : HikariPool-1 - Starting...
2023-04-12 15:59:03.861  INFO 40872 --- [restartedMain] com.zaxxer.hikari.HikariDataSource       : HikariPool-1 - Start completed.
2023-04-12 15:59:03.887  INFO 40872 --- [restartedMain] org.hibernate.dialect.Dialect            : HHH000400: Using dialect: org.hibernate.dialect.MySQL8Dialect
2023-04-12 15:59:04.627  INFO 40872 --- [restartedMain] o.h.e.t.j.p.i.JtaPlatformInitiator       : HHH000490: Using JtaPlatform implementation: [org.hibernate.engine.transaction.jta.platform.internal.NoJtaPlatform]
2023-04-12 15:59:04.637  INFO 40872 --- [restartedMain] j.LocalContainerEntityManagerFactoryBean : Initialized JPA EntityManagerFactory for persistence unit 'default'
2023-04-12 15:59:05.405  WARN 40872 --- [restartedMain] JpaBaseConfiguration$JpaWebConfiguration : spring.jpa.open-in-view is enabled by default. Therefore, database queries may be performed during view rendering. Explicitly configure spring.jpa.open-in-view to disable this warning
2023-04-12 15:59:05.655  INFO 40872 --- [restartedMain] o.s.b.d.a.OptionalLiveReloadServer       : LiveReload server is running on port 35729
2023-04-12 15:59:05.848  INFO 40872 --- [restartedMain] o.s.b.w.embedded.tomcat.TomcatWebServer  : Tomcat started on port(s): 8080 (http) with context path ''
2023-04-12 15:59:06.139  INFO 40872 --- [restartedMain] c.d.S.SpringSocialNetworkApplication     : Started SpringSocialNetworkApplication in 5.264 seconds (JVM running for 5.772)
2023-04-12 15:59:20.071  INFO 40872 --- [SpringApplicationShutdownHook] j.LocalContainerEntityManagerFactoryBean : Closing JPA EntityManagerFactory for persistence unit 'default'
2023-04-12 15:59:20.074  INFO 40872 --- [SpringApplicationShutdownHook] com.zaxxer.hikari.HikariDataSource       : HikariPool-1 - Shutdown initiated...
2023-04-12 15:59:20.080  INFO 40872 --- [SpringApplicationShutdownHook] com.zaxxer.hikari.HikariDataSource       : HikariPool-1 - Shutdown completed.
