2023-04-28 18:49:45.845  INFO 83287 --- [restartedMain] c.d.S.SpringSocialNetworkApplication     : Starting SpringSocialNetworkApplication using Java 19.0.1 on Air-di-Gaia with PID 83287 (/Users/gaiazanchi/Desktop/SpringSocialNetwork/target/classes started by gaiazanchi in /Users/gaiazanchi/Desktop/SpringSocialNetwork)
2023-04-28 18:49:45.903  INFO 83287 --- [restartedMain] c.d.S.SpringSocialNetworkApplication     : No active profile set, falling back to 1 default profile: "default"
2023-04-28 18:49:46.164  INFO 83287 --- [restartedMain] .e.DevToolsPropertyDefaultsPostProcessor : Devtools property defaults active! Set 'spring.devtools.add-properties' to 'false' to disable
2023-04-28 18:49:46.165  INFO 83287 --- [restartedMain] .e.DevToolsPropertyDefaultsPostProcessor : For additional web related logging consider setting the 'logging.level.web' property to 'DEBUG'
2023-04-28 18:49:48.625  INFO 83287 --- [restartedMain] .s.d.r.c.RepositoryConfigurationDelegate : Bootstrapping Spring Data JPA repositories in DEFAULT mode.
2023-04-28 18:49:48.784  INFO 83287 --- [restartedMain] .s.d.r.c.RepositoryConfigurationDelegate : Finished Spring Data repository scanning in 131 ms. Found 4 JPA repository interfaces.
2023-04-28 18:49:50.601  INFO 83287 --- [restartedMain] o.s.b.w.embedded.tomcat.TomcatWebServer  : Tomcat initialized with port(s): 8080 (http)
2023-04-28 18:49:50.619  INFO 83287 --- [restartedMain] o.apache.catalina.core.StandardService   : Starting service [Tomcat]
2023-04-28 18:49:50.620  INFO 83287 --- [restartedMain] org.apache.catalina.core.StandardEngine  : Starting Servlet engine: [Apache Tomcat/9.0.71]
2023-04-28 18:49:50.751  INFO 83287 --- [restartedMain] o.a.c.c.C.[Tomcat].[localhost].[/]       : Initializing Spring embedded WebApplicationContext
2023-04-28 18:49:50.753  INFO 83287 --- [restartedMain] w.s.c.ServletWebServerApplicationContext : Root WebApplicationContext: initialization completed in 4586 ms
2023-04-28 18:49:51.165  INFO 83287 --- [restartedMain] o.hibernate.jpa.internal.util.LogHelper  : HHH000204: Processing PersistenceUnitInfo [name: default]
2023-04-28 18:49:51.275  INFO 83287 --- [restartedMain] org.hibernate.Version                    : HHH000412: Hibernate ORM core version 5.6.15.Final
2023-04-28 18:49:51.567  INFO 83287 --- [restartedMain] o.hibernate.annotations.common.Version   : HCANN000001: Hibernate Commons Annotations {5.1.2.Final}
2023-04-28 18:49:51.840  INFO 83287 --- [restartedMain] com.zaxxer.hikari.HikariDataSource       : HikariPool-1 - Starting...
2023-04-28 18:49:52.405  INFO 83287 --- [restartedMain] com.zaxxer.hikari.HikariDataSource       : HikariPool-1 - Start completed.
2023-04-28 18:49:52.438  INFO 83287 --- [restartedMain] org.hibernate.dialect.Dialect            : HHH000400: Using dialect: org.hibernate.dialect.MySQL57Dialect
2023-04-28 18:49:54.891  INFO 83287 --- [restartedMain] o.h.e.t.j.p.i.JtaPlatformInitiator       : HHH000490: Using JtaPlatform implementation: [org.hibernate.engine.transaction.jta.platform.internal.NoJtaPlatform]
2023-04-28 18:49:54.913  INFO 83287 --- [restartedMain] j.LocalContainerEntityManagerFactoryBean : Initialized JPA EntityManagerFactory for persistence unit 'default'
2023-04-28 18:49:56.519  WARN 83287 --- [restartedMain] JpaBaseConfiguration$JpaWebConfiguration : spring.jpa.open-in-view is enabled by default. Therefore, database queries may be performed during view rendering. Explicitly configure spring.jpa.open-in-view to disable this warning
2023-04-28 18:49:57.012  INFO 83287 --- [restartedMain] o.s.b.d.a.OptionalLiveReloadServer       : LiveReload server is running on port 35729
2023-04-28 18:49:57.344  INFO 83287 --- [restartedMain] o.s.b.w.embedded.tomcat.TomcatWebServer  : Tomcat started on port(s): 8080 (http) with context path ''
2023-04-28 18:49:58.196  INFO 83287 --- [restartedMain] c.d.S.SpringSocialNetworkApplication     : Started SpringSocialNetworkApplication in 13.851 seconds (JVM running for 16.316)
2023-04-28 18:50:38.571  INFO 83287 --- [SpringApplicationShutdownHook] j.LocalContainerEntityManagerFactoryBean : Closing JPA EntityManagerFactory for persistence unit 'default'
2023-04-28 18:50:38.581  INFO 83287 --- [SpringApplicationShutdownHook] com.zaxxer.hikari.HikariDataSource       : HikariPool-1 - Shutdown initiated...
2023-04-28 18:50:38.599  INFO 83287 --- [SpringApplicationShutdownHook] com.zaxxer.hikari.HikariDataSource       : HikariPool-1 - Shutdown completed.
2023-04-28 18:51:24.930  INFO 83337 --- [restartedMain] c.d.S.SpringSocialNetworkApplication     : Starting SpringSocialNetworkApplication using Java 19.0.1 on Air-di-Gaia with PID 83337 (/Users/gaiazanchi/Desktop/SpringSocialNetwork/target/classes started by gaiazanchi in /Users/gaiazanchi/Desktop/SpringSocialNetwork)
2023-04-28 18:51:24.935  INFO 83337 --- [restartedMain] c.d.S.SpringSocialNetworkApplication     : No active profile set, falling back to 1 default profile: "default"
2023-04-28 18:51:25.235  INFO 83337 --- [restartedMain] .e.DevToolsPropertyDefaultsPostProcessor : Devtools property defaults active! Set 'spring.devtools.add-properties' to 'false' to disable
2023-04-28 18:51:25.236  INFO 83337 --- [restartedMain] .e.DevToolsPropertyDefaultsPostProcessor : For additional web related logging consider setting the 'logging.level.web' property to 'DEBUG'
2023-04-28 18:51:28.074  INFO 83337 --- [restartedMain] .s.d.r.c.RepositoryConfigurationDelegate : Bootstrapping Spring Data JPA repositories in DEFAULT mode.
2023-04-28 18:51:28.219  INFO 83337 --- [restartedMain] .s.d.r.c.RepositoryConfigurationDelegate : Finished Spring Data repository scanning in 125 ms. Found 4 JPA repository interfaces.
2023-04-28 18:51:29.573  INFO 83337 --- [restartedMain] o.s.b.w.embedded.tomcat.TomcatWebServer  : Tomcat initialized with port(s): 8080 (http)
2023-04-28 18:51:29.596  INFO 83337 --- [restartedMain] o.apache.catalina.core.StandardService   : Starting service [Tomcat]
2023-04-28 18:51:29.598  INFO 83337 --- [restartedMain] org.apache.catalina.core.StandardEngine  : Starting Servlet engine: [Apache Tomcat/9.0.71]
2023-04-28 18:51:29.744  INFO 83337 --- [restartedMain] o.a.c.c.C.[Tomcat].[localhost].[/]       : Initializing Spring embedded WebApplicationContext
2023-04-28 18:51:29.745  INFO 83337 --- [restartedMain] w.s.c.ServletWebServerApplicationContext : Root WebApplicationContext: initialization completed in 4507 ms
2023-04-28 18:51:30.133  INFO 83337 --- [restartedMain] o.hibernate.jpa.internal.util.LogHelper  : HHH000204: Processing PersistenceUnitInfo [name: default]
2023-04-28 18:51:30.256  INFO 83337 --- [restartedMain] org.hibernate.Version                    : HHH000412: Hibernate ORM core version 5.6.15.Final
2023-04-28 18:51:30.518  INFO 83337 --- [restartedMain] o.hibernate.annotations.common.Version   : HCANN000001: Hibernate Commons Annotations {5.1.2.Final}
2023-04-28 18:51:30.733  INFO 83337 --- [restartedMain] com.zaxxer.hikari.HikariDataSource       : HikariPool-1 - Starting...
2023-04-28 18:51:31.290  INFO 83337 --- [restartedMain] com.zaxxer.hikari.HikariDataSource       : HikariPool-1 - Start completed.
2023-04-28 18:51:31.322  INFO 83337 --- [restartedMain] org.hibernate.dialect.Dialect            : HHH000400: Using dialect: org.hibernate.dialect.MySQL57Dialect
2023-04-28 18:51:33.150  INFO 83337 --- [restartedMain] o.h.e.t.j.p.i.JtaPlatformInitiator       : HHH000490: Using JtaPlatform implementation: [org.hibernate.engine.transaction.jta.platform.internal.NoJtaPlatform]
2023-04-28 18:51:33.168  INFO 83337 --- [restartedMain] j.LocalContainerEntityManagerFactoryBean : Initialized JPA EntityManagerFactory for persistence unit 'default'
2023-04-28 18:51:34.616  WARN 83337 --- [restartedMain] JpaBaseConfiguration$JpaWebConfiguration : spring.jpa.open-in-view is enabled by default. Therefore, database queries may be performed during view rendering. Explicitly configure spring.jpa.open-in-view to disable this warning
2023-04-28 18:51:35.190  INFO 83337 --- [restartedMain] o.s.b.d.a.OptionalLiveReloadServer       : LiveReload server is running on port 35729
2023-04-28 18:51:35.552  INFO 83337 --- [restartedMain] o.s.b.w.embedded.tomcat.TomcatWebServer  : Tomcat started on port(s): 8080 (http) with context path ''
2023-04-28 18:51:36.325  INFO 83337 --- [restartedMain] c.d.S.SpringSocialNetworkApplication     : Started SpringSocialNetworkApplication in 13.013 seconds (JVM running for 14.613)
2023-04-28 18:51:53.018  INFO 83337 --- [SpringApplicationShutdownHook] j.LocalContainerEntityManagerFactoryBean : Closing JPA EntityManagerFactory for persistence unit 'default'
2023-04-28 18:51:53.024  INFO 83337 --- [SpringApplicationShutdownHook] com.zaxxer.hikari.HikariDataSource       : HikariPool-1 - Shutdown initiated...
2023-04-28 18:51:53.036  INFO 83337 --- [SpringApplicationShutdownHook] com.zaxxer.hikari.HikariDataSource       : HikariPool-1 - Shutdown completed.
2023-04-28 18:57:39.036  INFO 83465 --- [restartedMain] c.d.S.SpringSocialNetworkApplication     : Starting SpringSocialNetworkApplication using Java 19.0.1 on Air-di-Gaia with PID 83465 (/Users/gaiazanchi/Desktop/SpringSocialNetwork/target/classes started by gaiazanchi in /Users/gaiazanchi/Desktop/SpringSocialNetwork)
2023-04-28 18:57:39.041  INFO 83465 --- [restartedMain] c.d.S.SpringSocialNetworkApplication     : No active profile set, falling back to 1 default profile: "default"
2023-04-28 18:57:39.371  INFO 83465 --- [restartedMain] .e.DevToolsPropertyDefaultsPostProcessor : Devtools property defaults active! Set 'spring.devtools.add-properties' to 'false' to disable
2023-04-28 18:57:39.373  INFO 83465 --- [restartedMain] .e.DevToolsPropertyDefaultsPostProcessor : For additional web related logging consider setting the 'logging.level.web' property to 'DEBUG'
2023-04-28 18:57:43.458  INFO 83465 --- [restartedMain] .s.d.r.c.RepositoryConfigurationDelegate : Bootstrapping Spring Data JPA repositories in DEFAULT mode.
2023-04-28 18:57:43.685  INFO 83465 --- [restartedMain] .s.d.r.c.RepositoryConfigurationDelegate : Finished Spring Data repository scanning in 189 ms. Found 4 JPA repository interfaces.
2023-04-28 18:57:45.778  INFO 83465 --- [restartedMain] o.s.b.w.embedded.tomcat.TomcatWebServer  : Tomcat initialized with port(s): 8080 (http)
2023-04-28 18:57:45.812  INFO 83465 --- [restartedMain] o.apache.catalina.core.StandardService   : Starting service [Tomcat]
2023-04-28 18:57:45.814  INFO 83465 --- [restartedMain] org.apache.catalina.core.StandardEngine  : Starting Servlet engine: [Apache Tomcat/9.0.71]
2023-04-28 18:57:46.279  INFO 83465 --- [restartedMain] o.a.c.c.C.[Tomcat].[localhost].[/]       : Initializing Spring embedded WebApplicationContext
2023-04-28 18:57:46.281  INFO 83465 --- [restartedMain] w.s.c.ServletWebServerApplicationContext : Root WebApplicationContext: initialization completed in 6905 ms
2023-04-28 18:57:47.235  INFO 83465 --- [restartedMain] o.hibernate.jpa.internal.util.LogHelper  : HHH000204: Processing PersistenceUnitInfo [name: default]
2023-04-28 18:57:47.472  INFO 83465 --- [restartedMain] org.hibernate.Version                    : HHH000412: Hibernate ORM core version 5.6.15.Final
2023-04-28 18:57:47.993  INFO 83465 --- [restartedMain] o.hibernate.annotations.common.Version   : HCANN000001: Hibernate Commons Annotations {5.1.2.Final}
2023-04-28 18:57:48.438  INFO 83465 --- [restartedMain] com.zaxxer.hikari.HikariDataSource       : HikariPool-1 - Starting...
2023-04-28 18:57:49.413  INFO 83465 --- [restartedMain] com.zaxxer.hikari.HikariDataSource       : HikariPool-1 - Start completed.
2023-04-28 18:57:49.480  INFO 83465 --- [restartedMain] org.hibernate.dialect.Dialect            : HHH000400: Using dialect: org.hibernate.dialect.MySQL57Dialect
2023-04-28 18:57:52.583  INFO 83465 --- [restartedMain] o.h.e.t.j.p.i.JtaPlatformInitiator       : HHH000490: Using JtaPlatform implementation: [org.hibernate.engine.transaction.jta.platform.internal.NoJtaPlatform]
2023-04-28 18:57:52.628  INFO 83465 --- [restartedMain] j.LocalContainerEntityManagerFactoryBean : Initialized JPA EntityManagerFactory for persistence unit 'default'
2023-04-28 18:57:55.814  WARN 83465 --- [restartedMain] JpaBaseConfiguration$JpaWebConfiguration : spring.jpa.open-in-view is enabled by default. Therefore, database queries may be performed during view rendering. Explicitly configure spring.jpa.open-in-view to disable this warning
2023-04-28 18:57:57.180  INFO 83465 --- [restartedMain] o.s.b.d.a.OptionalLiveReloadServer       : LiveReload server is running on port 35729
2023-04-28 18:57:58.086  INFO 83465 --- [restartedMain] o.s.b.w.embedded.tomcat.TomcatWebServer  : Tomcat started on port(s): 8080 (http) with context path ''
2023-04-28 18:57:59.754  INFO 83465 --- [restartedMain] c.d.S.SpringSocialNetworkApplication     : Started SpringSocialNetworkApplication in 22.681 seconds (JVM running for 25.16)
2023-04-28 18:58:19.076  INFO 83465 --- [http-nio-8080-exec-1] o.a.c.c.C.[Tomcat].[localhost].[/]       : Initializing Spring DispatcherServlet 'dispatcherServlet'
2023-04-28 18:58:19.077  INFO 83465 --- [http-nio-8080-exec-1] o.s.web.servlet.DispatcherServlet        : Initializing Servlet 'dispatcherServlet'
2023-04-28 18:58:19.080  INFO 83465 --- [http-nio-8080-exec-1] o.s.web.servlet.DispatcherServlet        : Completed initialization in 2 ms
2023-04-28 18:58:19.286  INFO 83465 --- [http-nio-8080-exec-1] c.d.S.controllers.UserController         : User created successfully
2023-04-28 18:58:19.289  INFO 83465 --- [http-nio-8080-exec-1] c.d.S.services.UserService               : Trying to create User from DTO
2023-04-28 18:58:25.943  INFO 83465 --- [http-nio-8080-exec-3] c.d.S.controllers.PostController         : Creating post
2023-04-28 18:58:25.944  INFO 83465 --- [http-nio-8080-exec-3] c.d.S.services.PostService               : gaiaazanchi is trying to create a post
2023-04-28 18:58:25.944  INFO 83465 --- [http-nio-8080-exec-3] c.d.S.services.UserService               : Trying to retrieve a user by id
2023-04-28 18:58:25.962  INFO 83465 --- [http-nio-8080-exec-3] c.d.S.services.UserService               : Retrieving successful
2023-04-28 18:58:25.962  INFO 83465 --- [http-nio-8080-exec-3] c.d.S.services.PostService               : gaiaazanchi has created a post
2023-04-28 18:58:25.963  INFO 83465 --- [http-nio-8080-exec-3] c.d.S.services.PostService               : Saving post in the database
2023-04-28 18:59:28.427  INFO 83465 --- [http-nio-8080-exec-6] c.d.S.controllers.CommentController      : Creating comment
2023-04-28 18:59:28.429  INFO 83465 --- [http-nio-8080-exec-6] c.d.S.services.CommentService            : Creating comment in service
2023-04-28 18:59:28.429  INFO 83465 --- [http-nio-8080-exec-6] c.d.S.services.UserService               : Trying to retrieve a user by id
2023-04-28 18:59:28.438  INFO 83465 --- [http-nio-8080-exec-6] c.d.S.services.UserService               : Retrieving successful
2023-04-28 18:59:28.443  INFO 83465 --- [http-nio-8080-exec-6] c.d.S.services.CommentService            : User with username gaiaazanchi want to add a comment
2023-04-28 18:59:28.480  INFO 83465 --- [http-nio-8080-exec-6] c.d.S.services.PostService               : Post with id: 2 has been found
2023-04-28 18:59:28.483  INFO 83465 --- [http-nio-8080-exec-6] c.d.S.services.CommentService            : To the post with id 2
2023-04-28 18:59:28.490  INFO 83465 --- [http-nio-8080-exec-6] c.d.S.services.CommentService            : User gaiaazanchi added a comment to the post with id 2
2023-04-28 18:59:50.332  INFO 83465 --- [http-nio-8080-exec-7] c.d.S.controllers.PostController         : Trying to delete post by id
2023-04-28 18:59:50.370  INFO 83465 --- [http-nio-8080-exec-7] c.d.S.services.PostService               : Post with id: 2 has been found
2023-04-28 18:59:50.371  INFO 83465 --- [http-nio-8080-exec-7] c.d.S.services.PostService               : Cerco il post con id 2 poi lo cancello
2023-04-28 19:00:30.713  INFO 83465 --- [http-nio-8080-exec-8] c.d.S.controllers.UserController         : Getting comments of user with id 1
2023-04-28 19:00:30.714  INFO 83465 --- [http-nio-8080-exec-8] c.d.S.services.UserService               : Trying to retrieve a user by id
2023-04-28 19:00:30.722  INFO 83465 --- [http-nio-8080-exec-8] c.d.S.services.UserService               : Retrieving successful
2023-04-28 19:00:34.207  INFO 83465 --- [SpringApplicationShutdownHook] j.LocalContainerEntityManagerFactoryBean : Closing JPA EntityManagerFactory for persistence unit 'default'
2023-04-28 19:00:34.214  INFO 83465 --- [SpringApplicationShutdownHook] com.zaxxer.hikari.HikariDataSource       : HikariPool-1 - Shutdown initiated...
2023-04-28 19:00:34.233  INFO 83465 --- [SpringApplicationShutdownHook] com.zaxxer.hikari.HikariDataSource       : HikariPool-1 - Shutdown completed.
2023-04-28 19:05:12.527  INFO 83677 --- [restartedMain] c.d.S.SpringSocialNetworkApplication     : Starting SpringSocialNetworkApplication using Java 19.0.1 on Air-di-Gaia with PID 83677 (/Users/gaiazanchi/Desktop/SpringSocialNetwork/target/classes started by gaiazanchi in /Users/gaiazanchi/Desktop/SpringSocialNetwork)
2023-04-28 19:05:12.534  INFO 83677 --- [restartedMain] c.d.S.SpringSocialNetworkApplication     : No active profile set, falling back to 1 default profile: "default"
2023-04-28 19:05:12.744  INFO 83677 --- [restartedMain] .e.DevToolsPropertyDefaultsPostProcessor : Devtools property defaults active! Set 'spring.devtools.add-properties' to 'false' to disable
2023-04-28 19:05:12.745  INFO 83677 --- [restartedMain] .e.DevToolsPropertyDefaultsPostProcessor : For additional web related logging consider setting the 'logging.level.web' property to 'DEBUG'
2023-04-28 19:05:15.329  INFO 83677 --- [restartedMain] .s.d.r.c.RepositoryConfigurationDelegate : Bootstrapping Spring Data JPA repositories in DEFAULT mode.
2023-04-28 19:05:15.493  INFO 83677 --- [restartedMain] .s.d.r.c.RepositoryConfigurationDelegate : Finished Spring Data repository scanning in 120 ms. Found 4 JPA repository interfaces.
2023-04-28 19:05:17.031  INFO 83677 --- [restartedMain] o.s.b.w.embedded.tomcat.TomcatWebServer  : Tomcat initialized with port(s): 8080 (http)
2023-04-28 19:05:17.051  INFO 83677 --- [restartedMain] o.apache.catalina.core.StandardService   : Starting service [Tomcat]
2023-04-28 19:05:17.052  INFO 83677 --- [restartedMain] org.apache.catalina.core.StandardEngine  : Starting Servlet engine: [Apache Tomcat/9.0.71]
2023-04-28 19:05:17.191  INFO 83677 --- [restartedMain] o.a.c.c.C.[Tomcat].[localhost].[/]       : Initializing Spring embedded WebApplicationContext
2023-04-28 19:05:17.192  INFO 83677 --- [restartedMain] w.s.c.ServletWebServerApplicationContext : Root WebApplicationContext: initialization completed in 4444 ms
2023-04-28 19:05:17.668  INFO 83677 --- [restartedMain] o.hibernate.jpa.internal.util.LogHelper  : HHH000204: Processing PersistenceUnitInfo [name: default]
2023-04-28 19:05:17.783  INFO 83677 --- [restartedMain] org.hibernate.Version                    : HHH000412: Hibernate ORM core version 5.6.15.Final
2023-04-28 19:05:18.070  INFO 83677 --- [restartedMain] o.hibernate.annotations.common.Version   : HCANN000001: Hibernate Commons Annotations {5.1.2.Final}
2023-04-28 19:05:18.311  INFO 83677 --- [restartedMain] com.zaxxer.hikari.HikariDataSource       : HikariPool-1 - Starting...
2023-04-28 19:05:18.852  INFO 83677 --- [restartedMain] com.zaxxer.hikari.HikariDataSource       : HikariPool-1 - Start completed.
2023-04-28 19:05:18.889  INFO 83677 --- [restartedMain] org.hibernate.dialect.Dialect            : HHH000400: Using dialect: org.hibernate.dialect.MySQL57Dialect
2023-04-28 19:05:20.515  INFO 83677 --- [restartedMain] o.h.e.t.j.p.i.JtaPlatformInitiator       : HHH000490: Using JtaPlatform implementation: [org.hibernate.engine.transaction.jta.platform.internal.NoJtaPlatform]
2023-04-28 19:05:20.534  INFO 83677 --- [restartedMain] j.LocalContainerEntityManagerFactoryBean : Initialized JPA EntityManagerFactory for persistence unit 'default'
2023-04-28 19:05:21.962  WARN 83677 --- [restartedMain] JpaBaseConfiguration$JpaWebConfiguration : spring.jpa.open-in-view is enabled by default. Therefore, database queries may be performed during view rendering. Explicitly configure spring.jpa.open-in-view to disable this warning
2023-04-28 19:05:22.472  INFO 83677 --- [restartedMain] o.s.b.d.a.OptionalLiveReloadServer       : LiveReload server is running on port 35729
2023-04-28 19:05:22.883  INFO 83677 --- [restartedMain] o.s.b.w.embedded.tomcat.TomcatWebServer  : Tomcat started on port(s): 8080 (http) with context path ''
2023-04-28 19:05:23.824  INFO 83677 --- [restartedMain] c.d.S.SpringSocialNetworkApplication     : Started SpringSocialNetworkApplication in 12.907 seconds (JVM running for 15.128)
2023-04-28 19:05:33.042  INFO 83677 --- [http-nio-8080-exec-1] o.a.c.c.C.[Tomcat].[localhost].[/]       : Initializing Spring DispatcherServlet 'dispatcherServlet'
2023-04-28 19:05:33.043  INFO 83677 --- [http-nio-8080-exec-1] o.s.web.servlet.DispatcherServlet        : Initializing Servlet 'dispatcherServlet'
2023-04-28 19:05:33.048  INFO 83677 --- [http-nio-8080-exec-1] o.s.web.servlet.DispatcherServlet        : Completed initialization in 4 ms
2023-04-28 19:05:33.311  INFO 83677 --- [http-nio-8080-exec-1] c.d.S.controllers.PostController         : Creating post
2023-04-28 19:05:33.314  INFO 83677 --- [http-nio-8080-exec-1] c.d.S.services.PostService               : gaiaazanchi is trying to create a post
2023-04-28 19:05:33.314  INFO 83677 --- [http-nio-8080-exec-1] c.d.S.services.UserService               : Trying to retrieve a user by id
2023-04-28 19:05:33.819  INFO 83677 --- [http-nio-8080-exec-1] c.d.S.services.UserService               : Retrieving successful
2023-04-28 19:05:33.819  INFO 83677 --- [http-nio-8080-exec-1] c.d.S.services.PostService               : gaiaazanchi has created a post
2023-04-28 19:05:33.822  INFO 83677 --- [http-nio-8080-exec-1] c.d.S.services.PostService               : Saving post in the database
2023-04-28 19:05:51.678  INFO 83677 --- [http-nio-8080-exec-3] c.d.S.controllers.CommentController      : Creating comment
2023-04-28 19:05:51.679  INFO 83677 --- [http-nio-8080-exec-3] c.d.S.services.CommentService            : Creating comment in service
2023-04-28 19:05:51.681  INFO 83677 --- [http-nio-8080-exec-3] c.d.S.services.UserService               : Trying to retrieve a user by id
2023-04-28 19:05:51.686  INFO 83677 --- [http-nio-8080-exec-3] c.d.S.services.UserService               : Retrieving successful
2023-04-28 19:05:51.690  INFO 83677 --- [http-nio-8080-exec-3] c.d.S.services.CommentService            : User with username gaiaazanchi want to add a comment
2023-04-28 19:05:51.719  WARN 83677 --- [http-nio-8080-exec-3] c.d.S.services.PostService               : Post with id: 3 has not been found
2023-04-28 19:05:51.720  WARN 83677 --- [http-nio-8080-exec-3] c.d.S.controllers.CommentController      : Post with id: '3' not found
2023-04-28 19:06:02.978  INFO 83677 --- [http-nio-8080-exec-4] c.d.S.controllers.CommentController      : Creating comment
2023-04-28 19:06:02.981  INFO 83677 --- [http-nio-8080-exec-4] c.d.S.services.CommentService            : Creating comment in service
2023-04-28 19:06:02.982  INFO 83677 --- [http-nio-8080-exec-4] c.d.S.services.UserService               : Trying to retrieve a user by id
2023-04-28 19:06:02.994  INFO 83677 --- [http-nio-8080-exec-4] c.d.S.services.UserService               : Retrieving successful
2023-04-28 19:06:02.995  INFO 83677 --- [http-nio-8080-exec-4] c.d.S.services.CommentService            : User with username gaiaazanchi want to add a comment
2023-04-28 19:06:03.025  INFO 83677 --- [http-nio-8080-exec-4] c.d.S.services.PostService               : Post with id: 4 has been found
2023-04-28 19:06:03.036  INFO 83677 --- [http-nio-8080-exec-4] c.d.S.services.CommentService            : To the post with id 4
2023-04-28 19:06:03.043  INFO 83677 --- [http-nio-8080-exec-4] c.d.S.services.CommentService            : User gaiaazanchi added a comment to the post with id 4
2023-04-28 19:06:17.621  INFO 83677 --- [http-nio-8080-exec-5] c.d.S.controllers.ReactionController     : Loving reaction added!
2023-04-28 19:06:17.622  INFO 83677 --- [http-nio-8080-exec-5] c.d.S.services.ReactionService           : Adding Reaction
2023-04-28 19:06:17.623  INFO 83677 --- [http-nio-8080-exec-5] c.d.S.services.UserService               : Trying to retrieve a user by id
2023-04-28 19:06:17.627  INFO 83677 --- [http-nio-8080-exec-5] c.d.S.services.UserService               : Retrieving successful
2023-04-28 19:06:17.628  INFO 83677 --- [http-nio-8080-exec-5] c.d.S.services.ReactionService           : User with username gaiaazanchi want to add a reaction
2023-04-28 19:06:17.635  INFO 83677 --- [http-nio-8080-exec-5] c.d.S.services.PostService               : Post with id: 4 has been found
2023-04-28 19:06:17.636  INFO 83677 --- [http-nio-8080-exec-5] c.d.S.services.ReactionService           : To the post with id 4
2023-04-28 19:06:17.642  INFO 83677 --- [http-nio-8080-exec-5] c.d.S.services.ReactionService           : User gaiaazanchi added an LOVING reaction to the post with id 4
2023-04-28 19:07:38.534  INFO 83677 --- [http-nio-8080-exec-8] c.d.S.controllers.UserController         : Deleting user
2023-04-28 19:07:38.539  INFO 83677 --- [http-nio-8080-exec-8] c.d.S.services.UserService               : Deleting user with id 1
2023-04-28 19:07:38.539  INFO 83677 --- [http-nio-8080-exec-8] c.d.S.services.UserService               : Trying to retrieve a user by id
2023-04-28 19:07:38.561  INFO 83677 --- [http-nio-8080-exec-8] c.d.S.services.UserService               : Retrieving successful
2023-04-28 19:07:59.218  INFO 83677 --- [SpringApplicationShutdownHook] j.LocalContainerEntityManagerFactoryBean : Closing JPA EntityManagerFactory for persistence unit 'default'
2023-04-28 19:07:59.230  INFO 83677 --- [SpringApplicationShutdownHook] com.zaxxer.hikari.HikariDataSource       : HikariPool-1 - Shutdown initiated...
2023-04-28 19:07:59.250  INFO 83677 --- [SpringApplicationShutdownHook] com.zaxxer.hikari.HikariDataSource       : HikariPool-1 - Shutdown completed.
2023-05-08 15:36:14.424  INFO 21942 --- [restartedMain] c.d.S.SpringSocialNetworkApplication     : Starting SpringSocialNetworkApplication using Java 19.0.1 on CarloC-MB.wind3.hub with PID 21942 (/Users/CarloC/Develhope/Java9/SpringSocialNetwork___/target/classes started by CarloC in /Users/CarloC/Develhope/Java9/SpringSocialNetwork___)
2023-05-08 15:36:14.429  INFO 21942 --- [restartedMain] c.d.S.SpringSocialNetworkApplication     : No active profile set, falling back to 1 default profile: "default"
2023-05-08 15:36:14.551  INFO 21942 --- [restartedMain] .e.DevToolsPropertyDefaultsPostProcessor : Devtools property defaults active! Set 'spring.devtools.add-properties' to 'false' to disable
2023-05-08 15:36:14.552  INFO 21942 --- [restartedMain] .e.DevToolsPropertyDefaultsPostProcessor : For additional web related logging consider setting the 'logging.level.web' property to 'DEBUG'
2023-05-08 15:36:16.351  INFO 21942 --- [restartedMain] .s.d.r.c.RepositoryConfigurationDelegate : Bootstrapping Spring Data JPA repositories in DEFAULT mode.
2023-05-08 15:36:16.475  INFO 21942 --- [restartedMain] .s.d.r.c.RepositoryConfigurationDelegate : Finished Spring Data repository scanning in 96 ms. Found 4 JPA repository interfaces.
2023-05-08 15:36:17.710  INFO 21942 --- [restartedMain] o.s.b.w.embedded.tomcat.TomcatWebServer  : Tomcat initialized with port(s): 8080 (http)
2023-05-08 15:36:17.730  INFO 21942 --- [restartedMain] o.apache.catalina.core.StandardService   : Starting service [Tomcat]
2023-05-08 15:36:17.730  INFO 21942 --- [restartedMain] org.apache.catalina.core.StandardEngine  : Starting Servlet engine: [Apache Tomcat/9.0.71]
2023-05-08 15:36:17.844  INFO 21942 --- [restartedMain] o.a.c.c.C.[Tomcat].[localhost].[/]       : Initializing Spring embedded WebApplicationContext
2023-05-08 15:36:17.844  INFO 21942 --- [restartedMain] w.s.c.ServletWebServerApplicationContext : Root WebApplicationContext: initialization completed in 3290 ms
2023-05-08 15:36:18.202  INFO 21942 --- [restartedMain] o.hibernate.jpa.internal.util.LogHelper  : HHH000204: Processing PersistenceUnitInfo [name: default]
2023-05-08 15:36:18.305  INFO 21942 --- [restartedMain] org.hibernate.Version                    : HHH000412: Hibernate ORM core version 5.6.15.Final
2023-05-08 15:36:18.617  INFO 21942 --- [restartedMain] o.hibernate.annotations.common.Version   : HCANN000001: Hibernate Commons Annotations {5.1.2.Final}
2023-05-08 15:36:18.794  INFO 21942 --- [restartedMain] com.zaxxer.hikari.HikariDataSource       : HikariPool-1 - Starting...
2023-05-08 15:36:19.265  INFO 21942 --- [restartedMain] com.zaxxer.hikari.HikariDataSource       : HikariPool-1 - Start completed.
2023-05-08 15:36:19.290  INFO 21942 --- [restartedMain] org.hibernate.dialect.Dialect            : HHH000400: Using dialect: org.hibernate.dialect.MySQL57Dialect
2023-05-08 15:36:20.606  INFO 21942 --- [restartedMain] o.h.e.t.j.p.i.JtaPlatformInitiator       : HHH000490: Using JtaPlatform implementation: [org.hibernate.engine.transaction.jta.platform.internal.NoJtaPlatform]
2023-05-08 15:36:20.625  INFO 21942 --- [restartedMain] j.LocalContainerEntityManagerFactoryBean : Initialized JPA EntityManagerFactory for persistence unit 'default'
2023-05-08 15:36:21.778  WARN 21942 --- [restartedMain] JpaBaseConfiguration$JpaWebConfiguration : spring.jpa.open-in-view is enabled by default. Therefore, database queries may be performed during view rendering. Explicitly configure spring.jpa.open-in-view to disable this warning
2023-05-08 15:36:22.191  INFO 21942 --- [restartedMain] o.s.b.d.a.OptionalLiveReloadServer       : LiveReload server is running on port 35729
2023-05-08 15:36:22.448  WARN 21942 --- [restartedMain] .s.s.UserDetailsServiceAutoConfiguration : 

Using generated security password: 55a32503-f03e-4967-8e9c-f4347f98169e

This generated password is for development use only. Your security configuration must be updated before running your application in production.

2023-05-08 15:36:22.652  INFO 21942 --- [restartedMain] o.s.s.web.DefaultSecurityFilterChain     : Will secure any request with [org.springframework.security.web.session.DisableEncodeUrlFilter@79526bed, org.springframework.security.web.context.request.async.WebAsyncManagerIntegrationFilter@15aa1ec8, org.springframework.security.web.context.SecurityContextPersistenceFilter@2a17caf4, org.springframework.security.web.header.HeaderWriterFilter@6631a6eb, org.springframework.security.web.csrf.CsrfFilter@2a58d281, org.springframework.security.web.authentication.logout.LogoutFilter@4e3d7c51, org.springframework.security.web.authentication.UsernamePasswordAuthenticationFilter@65291133, org.springframework.security.web.authentication.ui.DefaultLoginPageGeneratingFilter@6b55d4a9, org.springframework.security.web.authentication.ui.DefaultLogoutPageGeneratingFilter@5305a232, org.springframework.security.web.authentication.www.BasicAuthenticationFilter@53a7f671, org.springframework.security.web.savedrequest.RequestCacheAwareFilter@25a32e7a, org.springframework.security.web.servletapi.SecurityContextHolderAwareRequestFilter@503f6b0b, org.springframework.security.web.authentication.AnonymousAuthenticationFilter@429c1c88, org.springframework.security.web.session.SessionManagementFilter@1c7c596f, org.springframework.security.web.access.ExceptionTranslationFilter@336cb7e, org.springframework.security.web.access.intercept.FilterSecurityInterceptor@58c55032]
2023-05-08 15:36:22.813  INFO 21942 --- [restartedMain] o.s.b.w.embedded.tomcat.TomcatWebServer  : Tomcat started on port(s): 8080 (http) with context path ''
2023-05-08 15:36:23.564  INFO 21942 --- [restartedMain] c.d.S.SpringSocialNetworkApplication     : Started SpringSocialNetworkApplication in 10.42 seconds (JVM running for 12.294)
2023-05-08 15:36:51.094  INFO 21942 --- [SpringApplicationShutdownHook] j.LocalContainerEntityManagerFactoryBean : Closing JPA EntityManagerFactory for persistence unit 'default'
2023-05-08 15:36:51.099  INFO 21942 --- [SpringApplicationShutdownHook] com.zaxxer.hikari.HikariDataSource       : HikariPool-1 - Shutdown initiated...
2023-05-08 15:36:51.111  INFO 21942 --- [SpringApplicationShutdownHook] com.zaxxer.hikari.HikariDataSource       : HikariPool-1 - Shutdown completed.
